0 info it worked if it ends with ok
1 verbose cli [ 'C:\\Program Files\\nodejs\\node.exe',
1 verbose cli   'C:\\Users\\N551\\AppData\\Roaming\\npm\\node_modules\\npm\\bin\\npm-cli.js',
1 verbose cli   'start' ]
2 info using npm@4.1.0
3 info using node@v7.8.0
4 verbose run-script [ 'prestart', 'start', 'poststart' ]
5 info lifecycle hellow@0.0.0~prestart: hellow@0.0.0
6 silly lifecycle hellow@0.0.0~prestart: no script for prestart, continuing
7 info lifecycle hellow@0.0.0~start: hellow@0.0.0
8 verbose lifecycle hellow@0.0.0~start: unsafe-perm in lifecycle true
9 verbose lifecycle hellow@0.0.0~start: PATH: C:\Users\N551\AppData\Roaming\npm\node_modules\npm\bin\node-gyp-bin;D:\wed\hellow\node_modules\.bin;C:\ProgramData\Oracle\Java\javapath;C:\Program Files (x86)\Common Files\Intel\Shared Files\cpp\bin\Intel64;C:\Program Files (x86)\Intel\iCLS Client\;C:\Program Files\Intel\iCLS Client\;C:\Windows\system32;C:\Windows;C:\Windows\System32\Wbem;C:\Windows\System32\WindowsPowerShell\v1.0\;C:\Program Files (x86)\Intel\Intel(R) Management Engine Components\DAL;C:\Program Files\Intel\Intel(R) Management Engine Components\DAL;C:\Program Files (x86)\Intel\Intel(R) Management Engine Components\IPT;C:\Program Files\Intel\Intel(R) Management Engine Components\IPT;C:\Program Files (x86)\NVIDIA Corporation\PhysX\Common;C:\Program Files\Java\jdk1.8.0_111\bin;C:\Program Files\Java\jdk1.8.0_111\jre\bin;C:\WINDOWS\system32;C:\WINDOWS;C:\WINDOWS\System32\Wbem;C:\WINDOWS\System32\WindowsPowerShell\v1.0\;D:\tomcat\apache-tomcat-8.0.41\bin;C:\Program Files\nodejs\;C:\Program Files\MySQL\MySQL Utilities 1.6\;C:\Program Files (x86)\Git\cmd;C:\Program Files (x86)\PuTTY\;C:\Users\N551\AppData\Local\Microsoft\WindowsApps;C:\Users\N551\AppData\Roaming\npm;;C:\Users\N551\AppData\Local\Programs\Fiddler
10 verbose lifecycle hellow@0.0.0~start: CWD: D:\wed\hellow
11 silly lifecycle hellow@0.0.0~start: Args: [ '/d /s /c', 'node ./bin/www' ]
12 silly lifecycle hellow@0.0.0~start: Returned: code: 3221225786  signal: null
13 info lifecycle hellow@0.0.0~start: Failed to exec start script
14 verbose stack Error: hellow@0.0.0 start: `node ./bin/www`
14 verbose stack Exit status 3221225786
14 verbose stack     at EventEmitter.<anonymous> (C:\Users\N551\AppData\Roaming\npm\node_modules\npm\lib\utils\lifecycle.js:279:16)
14 verbose stack     at emitTwo (events.js:106:13)
14 verbose stack     at EventEmitter.emit (events.js:194:7)
14 verbose stack     at ChildProcess.<anonymous> (C:\Users\N551\AppData\Roaming\npm\node_modules\npm\lib\utils\spawn.js:40:14)
14 verbose stack     at emitTwo (events.js:106:13)
14 verbose stack     at ChildProcess.emit (events.js:194:7)
14 verbose stack     at maybeClose (internal/child_process.js:899:16)
14 verbose stack     at Process.ChildProcess._handle.onexit (internal/child_process.js:226:5)
15 verbose pkgid hellow@0.0.0
16 verbose cwd D:\wed\hellow
17 error Windows_NT 10.0.16299
18 error argv "C:\\Program Files\\nodejs\\node.exe" "C:\\Users\\N551\\AppData\\Roaming\\npm\\node_modules\\npm\\bin\\npm-cli.js" "start"
19 error node v7.8.0
20 error npm  v4.1.0
21 error code ELIFECYCLE
22 error hellow@0.0.0 start: `node ./bin/www`
22 error Exit status 3221225786
23 error Failed at the hellow@0.0.0 start script 'node ./bin/www'.
23 error Make sure you have the latest version of node.js and npm installed.
23 error If you do, this is most likely a problem with the hellow package,
23 error not with npm itself.
23 error Tell the author that this fails on your system:
23 error     node ./bin/www
23 error You can get information on how to open an issue for this project with:
23 error     npm bugs hellow
23 error Or if that isn't available, you can get their info via:
23 error     npm owner ls hellow
23 error There is likely additional logging output above.
24 verbose exit [ 1, true ]
